::1 - - [08/Dec/2021:06:47:40 +0000] "GET / HTTP/1.1" 304 - "-" "Mozilla/5.0 (Windows NT 10.0; Win64; x64) AppleWebKit/537.36 (KHTML, like Gecko) Chrome/96.0.4664.45 Safari/537.36"
::1 - - [08/Dec/2021:06:47:40 +0000] "GET /favicon.ico HTTP/1.1" 304 - "http://localhost:3000/" "Mozilla/5.0 (Windows NT 10.0; Win64; x64) AppleWebKit/537.36 (KHTML, like Gecko) Chrome/96.0.4664.45 Safari/537.36"
::1 - - [08/Dec/2021:06:47:42 +0000] "GET / HTTP/1.1" 304 - "-" "Mozilla/5.0 (Windows NT 10.0; Win64; x64) AppleWebKit/537.36 (KHTML, like Gecko) Chrome/96.0.4664.45 Safari/537.36"
::1 - - [08/Dec/2021:06:47:43 +0000] "GET /favicon.ico HTTP/1.1" 304 - "http://localhost:3000/" "Mozilla/5.0 (Windows NT 10.0; Win64; x64) AppleWebKit/537.36 (KHTML, like Gecko) Chrome/96.0.4664.45 Safari/537.36"
::1 - - [08/Dec/2021:06:48:31 +0000] "GET / HTTP/1.1" 304 - "-" "Mozilla/5.0 (Windows NT 10.0; Win64; x64) AppleWebKit/537.36 (KHTML, like Gecko) Chrome/96.0.4664.45 Safari/537.36"
::1 - - [08/Dec/2021:06:48:31 +0000] "GET /favicon.ico HTTP/1.1" 304 - "http://localhost:3000/" "Mozilla/5.0 (Windows NT 10.0; Win64; x64) AppleWebKit/537.36 (KHTML, like Gecko) Chrome/96.0.4664.45 Safari/537.36"
::1 - - [08/Dec/2021:06:52:09 +0000] "GET /sdfg HTTP/1.1" 200 21 "-" "Mozilla/5.0 (Windows NT 10.0; Win64; x64) AppleWebKit/537.36 (KHTML, like Gecko) Chrome/96.0.4664.45 Safari/537.36"
::1 - - [08/Dec/2021:06:52:09 +0000] "GET /favicon.ico HTTP/1.1" 304 - "http://localhost:3000/sdfg" "Mozilla/5.0 (Windows NT 10.0; Win64; x64) AppleWebKit/537.36 (KHTML, like Gecko) Chrome/96.0.4664.45 Safari/537.36"
::1 - - [08/Dec/2021:06:52:13 +0000] "GET /sdfg HTTP/1.1" 304 - "-" "Mozilla/5.0 (Windows NT 10.0; Win64; x64) AppleWebKit/537.36 (KHTML, like Gecko) Chrome/96.0.4664.45 Safari/537.36"
::1 - - [08/Dec/2021:06:52:13 +0000] "GET /favicon.ico HTTP/1.1" 304 - "http://localhost:3000/sdfg" "Mozilla/5.0 (Windows NT 10.0; Win64; x64) AppleWebKit/537.36 (KHTML, like Gecko) Chrome/96.0.4664.45 Safari/537.36"
::1 - - [08/Dec/2021:06:52:31 +0000] "GET / HTTP/1.1" 304 - "-" "Mozilla/5.0 (Windows NT 10.0; Win64; x64) AppleWebKit/537.36 (KHTML, like Gecko) Chrome/96.0.4664.45 Safari/537.36"
::1 - - [08/Dec/2021:06:52:32 +0000] "GET /favicon.ico HTTP/1.1" 304 - "http://localhost:3000/" "Mozilla/5.0 (Windows NT 10.0; Win64; x64) AppleWebKit/537.36 (KHTML, like Gecko) Chrome/96.0.4664.45 Safari/537.36"
::1 - - [08/Dec/2021:06:52:36 +0000] "GET /6 HTTP/1.1" 200 21 "-" "Mozilla/5.0 (Windows NT 10.0; Win64; x64) AppleWebKit/537.36 (KHTML, like Gecko) Chrome/96.0.4664.45 Safari/537.36"
::1 - - [08/Dec/2021:06:52:37 +0000] "GET /favicon.ico HTTP/1.1" 304 - "http://localhost:3000/6" "Mozilla/5.0 (Windows NT 10.0; Win64; x64) AppleWebKit/537.36 (KHTML, like Gecko) Chrome/96.0.4664.45 Safari/537.36"
::1 - - [08/Dec/2021:06:53:27 +0000] "GET /6/t HTTP/1.1" 200 21 "-" "Mozilla/5.0 (Windows NT 10.0; Win64; x64) AppleWebKit/537.36 (KHTML, like Gecko) Chrome/96.0.4664.45 Safari/537.36"
::1 - - [08/Dec/2021:06:53:27 +0000] "GET /favicon.ico HTTP/1.1" 304 - "http://localhost:3000/6/t" "Mozilla/5.0 (Windows NT 10.0; Win64; x64) AppleWebKit/537.36 (KHTML, like Gecko) Chrome/96.0.4664.45 Safari/537.36"
::1 - - [08/Dec/2021:06:53:43 +0000] "GET /6/t HTTP/1.1" 304 - "-" "Mozilla/5.0 (Windows NT 10.0; Win64; x64) AppleWebKit/537.36 (KHTML, like Gecko) Chrome/96.0.4664.45 Safari/537.36"
::1 - - [08/Dec/2021:06:53:43 +0000] "GET /favicon.ico HTTP/1.1" 304 - "http://localhost:3000/6/t" "Mozilla/5.0 (Windows NT 10.0; Win64; x64) AppleWebKit/537.36 (KHTML, like Gecko) Chrome/96.0.4664.45 Safari/537.36"
::1 - - [08/Dec/2021:06:54:05 +0000] "GET /6 HTTP/1.1" 304 - "-" "Mozilla/5.0 (Windows NT 10.0; Win64; x64) AppleWebKit/537.36 (KHTML, like Gecko) Chrome/96.0.4664.45 Safari/537.36"
::1 - - [08/Dec/2021:06:54:05 +0000] "GET /favicon.ico HTTP/1.1" 304 - "http://localhost:3000/6" "Mozilla/5.0 (Windows NT 10.0; Win64; x64) AppleWebKit/537.36 (KHTML, like Gecko) Chrome/96.0.4664.45 Safari/537.36"
::1 - - [08/Dec/2021:06:54:11 +0000] "GET /6 HTTP/1.1" 304 - "-" "Mozilla/5.0 (Windows NT 10.0; Win64; x64) AppleWebKit/537.36 (KHTML, like Gecko) Chrome/96.0.4664.45 Safari/537.36"
::1 - - [08/Dec/2021:06:54:11 +0000] "GET /favicon.ico HTTP/1.1" 304 - "http://localhost:3000/6" "Mozilla/5.0 (Windows NT 10.0; Win64; x64) AppleWebKit/537.36 (KHTML, like Gecko) Chrome/96.0.4664.45 Safari/537.36"
::1 - - [08/Dec/2021:06:55:49 +0000] "GET / HTTP/1.1" 304 - "-" "Mozilla/5.0 (Windows NT 10.0; Win64; x64) AppleWebKit/537.36 (KHTML, like Gecko) Chrome/96.0.4664.45 Safari/537.36"
::1 - - [08/Dec/2021:06:55:49 +0000] "GET /favicon.ico HTTP/1.1" 404 39 "http://localhost:3000/" "Mozilla/5.0 (Windows NT 10.0; Win64; x64) AppleWebKit/537.36 (KHTML, like Gecko) Chrome/96.0.4664.45 Safari/537.36"
::1 - - [08/Dec/2021:06:55:54 +0000] "GET /s HTTP/1.1" 404 39 "-" "Mozilla/5.0 (Windows NT 10.0; Win64; x64) AppleWebKit/537.36 (KHTML, like Gecko) Chrome/96.0.4664.45 Safari/537.36"
::1 - - [08/Dec/2021:06:55:59 +0000] "GET / HTTP/1.1" 304 - "-" "Mozilla/5.0 (Windows NT 10.0; Win64; x64) AppleWebKit/537.36 (KHTML, like Gecko) Chrome/96.0.4664.45 Safari/537.36"
::1 - - [08/Dec/2021:06:56:02 +0000] "GET / HTTP/1.1" 304 - "-" "Mozilla/5.0 (Windows NT 10.0; Win64; x64) AppleWebKit/537.36 (KHTML, like Gecko) Chrome/96.0.4664.45 Safari/537.36"
::1 - - [08/Dec/2021:07:02:22 +0000] "GET / HTTP/1.1" 404 39 "-" "Mozilla/5.0 (Windows NT 10.0; Win64; x64) AppleWebKit/537.36 (KHTML, like Gecko) Chrome/96.0.4664.45 Safari/537.36"
::1 - - [08/Dec/2021:07:02:27 +0000] "GET /api/book HTTP/1.1" 404 39 "-" "Mozilla/5.0 (Windows NT 10.0; Win64; x64) AppleWebKit/537.36 (KHTML, like Gecko) Chrome/96.0.4664.45 Safari/537.36"
::1 - - [08/Dec/2021:07:02:31 +0000] "GET /api/books HTTP/1.1" 404 39 "-" "Mozilla/5.0 (Windows NT 10.0; Win64; x64) AppleWebKit/537.36 (KHTML, like Gecko) Chrome/96.0.4664.45 Safari/537.36"
::1 - - [08/Dec/2021:07:02:40 +0000] "GET /api/books HTTP/1.1" 404 39 "-" "Mozilla/5.0 (Windows NT 10.0; Win64; x64) AppleWebKit/537.36 (KHTML, like Gecko) Chrome/96.0.4664.45 Safari/537.36"
::1 - - [08/Dec/2021:07:04:39 +0000] "GET /api/books HTTP/1.1" 404 39 "-" "Mozilla/5.0 (Windows NT 10.0; Win64; x64) AppleWebKit/537.36 (KHTML, like Gecko) Chrome/96.0.4664.45 Safari/537.36"
::1 - - [08/Dec/2021:07:04:40 +0000] "GET /api/books HTTP/1.1" 404 39 "-" "Mozilla/5.0 (Windows NT 10.0; Win64; x64) AppleWebKit/537.36 (KHTML, like Gecko) Chrome/96.0.4664.45 Safari/537.36"
::1 - - [08/Dec/2021:07:04:51 +0000] "GET /api/books HTTP/1.1" 404 39 "-" "Mozilla/5.0 (Windows NT 10.0; Win64; x64) AppleWebKit/537.36 (KHTML, like Gecko) Chrome/96.0.4664.45 Safari/537.36"
::1 - - [08/Dec/2021:07:04:53 +0000] "GET /api/books HTTP/1.1" 404 39 "-" "Mozilla/5.0 (Windows NT 10.0; Win64; x64) AppleWebKit/537.36 (KHTML, like Gecko) Chrome/96.0.4664.45 Safari/537.36"
::1 - - [08/Dec/2021:07:05:19 +0000] "GET /api/books HTTP/1.1" 404 39 "-" "Mozilla/5.0 (Windows NT 10.0; Win64; x64) AppleWebKit/537.36 (KHTML, like Gecko) Chrome/96.0.4664.45 Safari/537.36"
::1 - - [08/Dec/2021:07:05:38 +0000] "GET /api/books HTTP/1.1" 404 39 "-" "Mozilla/5.0 (Windows NT 10.0; Win64; x64) AppleWebKit/537.36 (KHTML, like Gecko) Chrome/96.0.4664.45 Safari/537.36"
::1 - - [08/Dec/2021:07:07:11 +0000] "GET /api/books HTTP/1.1" 404 39 "-" "Mozilla/5.0 (Windows NT 10.0; Win64; x64) AppleWebKit/537.36 (KHTML, like Gecko) Chrome/96.0.4664.45 Safari/537.36"
::1 - - [08/Dec/2021:07:08:58 +0000] "GET /api/books HTTP/1.1" 200 21 "-" "Mozilla/5.0 (Windows NT 10.0; Win64; x64) AppleWebKit/537.36 (KHTML, like Gecko) Chrome/96.0.4664.45 Safari/537.36"
::1 - - [08/Dec/2021:07:52:21 +0000] "GET /api/books HTTP/1.1" 200 21 "-" "PostmanRuntime/7.28.4"
::1 - - [08/Dec/2021:07:52:27 +0000] "GET /api/books/20 HTTP/1.1" 200 21 "-" "PostmanRuntime/7.28.4"
::1 - - [08/Dec/2021:07:52:34 +0000] "POST /api/books HTTP/1.1" 201 21 "-" "PostmanRuntime/7.28.4"
::1 - - [08/Dec/2021:07:52:38 +0000] "PUT /api/books HTTP/1.1" 200 21 "-" "PostmanRuntime/7.28.4"
::1 - - [08/Dec/2021:07:52:42 +0000] "DELETE /api/books HTTP/1.1" 200 21 "-" "PostmanRuntime/7.28.4"
::1 - - [08/Dec/2021:08:03:32 +0000] "GET /api/books HTTP/1.1" 304 - "-" "Mozilla/5.0 (Windows NT 10.0; Win64; x64) AppleWebKit/537.36 (KHTML, like Gecko) Chrome/96.0.4664.45 Safari/537.36"
::1 - - [08/Dec/2021:08:16:12 +0000] "DELETE /api/books HTTP/1.1" 200 21 "-" "PostmanRuntime/7.28.4"
::1 - - [08/Dec/2021:08:16:16 +0000] "GET /api/books HTTP/1.1" 500 65 "-" "PostmanRuntime/7.28.4"
::1 - - [08/Dec/2021:08:16:43 +0000] "GET /api/books HTTP/1.1" 500 76 "-" "PostmanRuntime/7.28.4"
::1 - - [08/Dec/2021:08:16:54 +0000] "GET /api/books HTTP/1.1" 500 69 "-" "PostmanRuntime/7.28.4"
::1 - - [08/Dec/2021:08:20:12 +0000] "GET /api/books HTTP/1.1" 200 21 "-" "PostmanRuntime/7.28.4"
::1 - - [08/Dec/2021:08:54:56 +0000] "GET /api/books HTTP/1.1" 200 21 "-" "PostmanRuntime/7.28.4"
::1 - - [14/Dec/2021:06:27:39 +0000] "GET / HTTP/1.1" 404 39 "-" "Mozilla/5.0 (Windows NT 10.0; Win64; x64) AppleWebKit/537.36 (KHTML, like Gecko) Chrome/96.0.4664.93 Safari/537.36"
::1 - - [14/Dec/2021:06:27:45 +0000] "GET /api/books HTTP/1.1" 304 - "-" "Mozilla/5.0 (Windows NT 10.0; Win64; x64) AppleWebKit/537.36 (KHTML, like Gecko) Chrome/96.0.4664.93 Safari/537.36"
::1 - - [14/Dec/2021:06:27:45 +0000] "GET /favicon.ico HTTP/1.1" 404 39 "http://localhost:3000/api/books" "Mozilla/5.0 (Windows NT 10.0; Win64; x64) AppleWebKit/537.36 (KHTML, like Gecko) Chrome/96.0.4664.93 Safari/537.36"
::1 - - [14/Dec/2021:06:38:08 +0000] "POST /api/books HTTP/1.1" 200 69 "-" "PostmanRuntime/7.28.4"
::1 - - [14/Dec/2021:06:44:57 +0000] "POST /api/books HTTP/1.1" 200 61 "-" "PostmanRuntime/7.28.4"
::1 - - [14/Dec/2021:06:45:06 +0000] "GET /api/books HTTP/1.1" 200 490 "-" "PostmanRuntime/7.28.4"
::1 - - [14/Dec/2021:06:59:51 +0000] "GET /api/books/6190d19ad83bc324f8479a69 HTTP/1.1" 200 84 "-" "PostmanRuntime/7.28.4"
::1 - - [14/Dec/2021:07:00:03 +0000] "GET /api/books/6190d19ad83bc324f8479a69 HTTP/1.1" 200 84 "-" "PostmanRuntime/7.28.4"
::1 - - [14/Dec/2021:07:00:15 +0000] "GET /api/books/6190d19ad83bc324f8479a69 HTTP/1.1" 200 4 "-" "PostmanRuntime/7.28.4"
::1 - - [14/Dec/2021:07:14:51 +0000] "DELETE /api/books HTTP/1.1" 200 38 "-" "PostmanRuntime/7.28.4"
::1 - - [14/Dec/2021:07:14:59 +0000] "GET /api/books HTTP/1.1" 200 405 "-" "PostmanRuntime/7.28.4"
::1 - - [14/Dec/2021:07:15:31 +0000] "GET /api/books/6190d19ad83bc324f8479a69 HTTP/1.1" 200 4 "-" "PostmanRuntime/7.28.4"
::1 - - [14/Dec/2021:07:34:34 +0000] "PUT /api/books HTTP/1.1" 200 2 "-" "PostmanRuntime/7.28.4"
::1 - - [14/Dec/2021:07:35:35 +0000] "PUT /api/books HTTP/1.1" 200 2 "-" "PostmanRuntime/7.28.4"
::1 - - [14/Dec/2021:07:36:36 +0000] "PUT /api/books HTTP/1.1" 200 92 "-" "PostmanRuntime/7.28.4"
::1 - - [14/Dec/2021:07:37:54 +0000] "GET /api/books/6190d4ed3dd3ec41d0859463 HTTP/1.1" 200 82 "-" "PostmanRuntime/7.28.4"
::1 - - [14/Dec/2021:07:38:07 +0000] "PUT /api/books HTTP/1.1" 200 92 "-" "PostmanRuntime/7.28.4"
::1 - - [14/Dec/2021:07:40:23 +0000] "PUT /api/books HTTP/1.1" 200 92 "-" "PostmanRuntime/7.28.4"
::1 - - [14/Dec/2021:07:41:16 +0000] "PUT /api/books HTTP/1.1" 200 92 "-" "PostmanRuntime/7.28.4"
::1 - - [14/Dec/2021:07:44:33 +0000] "PUT /api/books HTTP/1.1" 200 92 "-" "PostmanRuntime/7.28.4"
::1 - - [14/Dec/2021:07:46:37 +0000] "PUT /api/books HTTP/1.1" 200 92 "-" "PostmanRuntime/7.28.4"
